<?xml version="1.0" encoding="UTF-8"?>
<testng-results ignored="2" total="4" passed="1" failed="1" skipped="0">
  <reporter-output>
    <line>
      <![CDATA[Extent Report Directory/Users/mirouflyer/mirou-workspace/FrameWorkTest1/LetsKodeIt/target/surefire-reports/html]]>
    </line>
    <line>
      <![CDATA[Browser is launching]]>
    </line>
    <line>
      <![CDATA[PageTitleTest: title Page Test]]>
    </line>
    <line>
      <![CDATA[Browser is launching]]>
    </line>
    <line>
      <![CDATA[RadioButtonTest: selection Radio Button Test]]>
    </line>
    <line>
      <![CDATA[Browser is launching]]>
    </line>
    <line>
      <![CDATA[RadioButton: selection]]>
    </line>
  </reporter-output>
  <suite started-at="2020-05-23T04:17:27Z" name="Walmart Automation Script " finished-at="2020-05-23T04:17:55Z" duration-ms="28365">
    <groups>
    </groups>
    <test started-at="2020-05-23T04:17:27Z" name="LetsKodeIt" finished-at="2020-05-23T04:17:55Z" duration-ms="28365">
      <class name="pageHomeTitleTest.PageTitleTest">
        <test-method is-config="true" signature="extentSetup(org.testng.ITestContext)[pri:0, instance:pageHomeTitleTest.PageTitleTest@6f1de4c7]" started-at="2020-05-23T04:17:27Z" name="extentSetup" finished-at="2020-05-23T04:17:27Z" duration-ms="150" status="PASS">
          <params>
            <param index="0">
              <value>
                <![CDATA[org.testng.TestRunner@28d79cba]]>
              </value>
            </param>
          </params>
          <reporter-output>
            <line>
              <![CDATA[Extent Report Directory/Users/mirouflyer/mirou-workspace/FrameWorkTest1/LetsKodeIt/target/surefire-reports/html]]>
            </line>
          </reporter-output>
        </test-method> <!-- extentSetup -->
        <test-method is-config="true" signature="setUp(boolean, java.lang.String, java.lang.String, java.lang.String, java.lang.String, java.lang.String, java.lang.String)[pri:0, instance:pageHomeTitleTest.PageTitleTest@6f1de4c7]" started-at="2020-05-23T04:17:27Z" name="setUp" finished-at="2020-05-23T04:17:41Z" duration-ms="14005" status="PASS">
          <params>
            <param index="0">
              <value>
                <![CDATA[false]]>
              </value>
            </param>
            <param index="1">
              <value>
                <![CDATA[browserstack]]>
              </value>
            </param>
            <param index="2">
              <value>
                <![CDATA[OS X]]>
              </value>
            </param>
            <param index="3">
              <value>
                <![CDATA[Sierra]]>
              </value>
            </param>
            <param index="4">
              <value>
                <![CDATA[firefox]]>
              </value>
            </param>
            <param index="5">
              <value>
                <![CDATA[76]]>
              </value>
            </param>
            <param index="6">
              <value>
                <![CDATA[https://letskodeit.teachable.com/p/practice]]>
              </value>
            </param>
          </params>
          <reporter-output>
          </reporter-output>
        </test-method> <!-- setUp -->
        <test-method is-config="true" signature="startExtent(java.lang.reflect.Method)[pri:0, instance:pageHomeTitleTest.PageTitleTest@6f1de4c7]" started-at="2020-05-23T04:17:41Z" name="startExtent" finished-at="2020-05-23T04:17:41Z" duration-ms="3" status="PASS">
          <params>
            <param index="0">
              <value>
                <![CDATA[public void pageHomeTitleTest.PageTitleTest.titlePageTest()]]>
              </value>
            </param>
          </params>
          <reporter-output>
          </reporter-output>
        </test-method> <!-- startExtent -->
        <test-method signature="titlePageTest()[pri:0, instance:pageHomeTitleTest.PageTitleTest@6f1de4c7]" started-at="2020-05-23T04:17:41Z" name="titlePageTest" finished-at="2020-05-23T04:17:41Z" duration-ms="17" status="PASS">
          <reporter-output>
            <line>
              <![CDATA[Browser is launching]]>
            </line>
            <line>
              <![CDATA[PageTitleTest: title Page Test]]>
            </line>
          </reporter-output>
        </test-method> <!-- titlePageTest -->
        <test-method is-config="true" signature="afterEachTestMethod(org.testng.ITestResult)[pri:0, instance:pageHomeTitleTest.PageTitleTest@6f1de4c7]" started-at="2020-05-23T04:17:41Z" name="afterEachTestMethod" finished-at="2020-05-23T04:17:44Z" duration-ms="2696" status="PASS">
          <params>
            <param index="0">
              <value>
                <![CDATA[[TestResult name=titlePageTest status=SUCCESS method=PageTitleTest.titlePageTest()[pri:0, instance:pageHomeTitleTest.PageTitleTest@6f1de4c7] output=Browser is launching]]]>
              </value>
            </param>
          </params>
          <reporter-output>
          </reporter-output>
        </test-method> <!-- afterEachTestMethod -->
        <test-method is-config="true" signature="generateReport()[pri:0, instance:pageHomeTitleTest.PageTitleTest@6f1de4c7]" started-at="2020-05-23T04:17:56Z" name="generateReport" finished-at="2020-05-23T04:17:56Z" duration-ms="23" status="PASS">
          <reporter-output>
          </reporter-output>
        </test-method> <!-- generateReport -->
      </class> <!-- pageHomeTitleTest.PageTitleTest -->
      <class name="selectionMenuTest.RadioButtonTest">
        <test-method is-config="true" signature="setUp(boolean, java.lang.String, java.lang.String, java.lang.String, java.lang.String, java.lang.String, java.lang.String)[pri:0, instance:selectionMenuTest.RadioButtonTest@459e9125]" started-at="2020-05-23T04:17:44Z" name="setUp" finished-at="2020-05-23T04:17:52Z" duration-ms="8389" status="PASS">
          <params>
            <param index="0">
              <value>
                <![CDATA[false]]>
              </value>
            </param>
            <param index="1">
              <value>
                <![CDATA[browserstack]]>
              </value>
            </param>
            <param index="2">
              <value>
                <![CDATA[OS X]]>
              </value>
            </param>
            <param index="3">
              <value>
                <![CDATA[Sierra]]>
              </value>
            </param>
            <param index="4">
              <value>
                <![CDATA[firefox]]>
              </value>
            </param>
            <param index="5">
              <value>
                <![CDATA[76]]>
              </value>
            </param>
            <param index="6">
              <value>
                <![CDATA[https://letskodeit.teachable.com/p/practice]]>
              </value>
            </param>
          </params>
          <reporter-output>
          </reporter-output>
        </test-method> <!-- setUp -->
        <test-method is-config="true" signature="startExtent(java.lang.reflect.Method)[pri:0, instance:selectionMenuTest.RadioButtonTest@459e9125]" started-at="2020-05-23T04:17:52Z" name="startExtent" finished-at="2020-05-23T04:17:52Z" duration-ms="0" status="PASS">
          <params>
            <param index="0">
              <value>
                <![CDATA[public void selectionMenuTest.RadioButtonTest.selectionRadioButtonTest()]]>
              </value>
            </param>
          </params>
          <reporter-output>
          </reporter-output>
        </test-method> <!-- startExtent -->
        <test-method signature="selectionRadioButtonTest()[pri:0, instance:selectionMenuTest.RadioButtonTest@459e9125]" started-at="2020-05-23T04:17:52Z" name="selectionRadioButtonTest" finished-at="2020-05-23T04:17:53Z" duration-ms="368" status="FAIL">
          <exception class="java.lang.IndexOutOfBoundsException">
            <message>
              <![CDATA[Index 3 out of bounds for length 3]]>
            </message>
            <full-stacktrace>
              <![CDATA[java.lang.IndexOutOfBoundsException: Index 3 out of bounds for length 3
at java.base/jdk.internal.util.Preconditions.outOfBounds(Preconditions.java:64)
at java.base/jdk.internal.util.Preconditions.outOfBoundsCheckIndex(Preconditions.java:70)
at java.base/jdk.internal.util.Preconditions.checkIndex(Preconditions.java:248)
at java.base/java.util.Objects.checkIndex(Objects.java:372)
at java.base/java.util.ArrayList.get(ArrayList.java:458)
at java.base/jdk.internal.reflect.NativeMethodAccessorImpl.invoke0(Native Method)
at java.base/jdk.internal.reflect.NativeMethodAccessorImpl.invoke(NativeMethodAccessorImpl.java:62)
at java.base/jdk.internal.reflect.DelegatingMethodAccessorImpl.invoke(DelegatingMethodAccessorImpl.java:43)
at java.base/java.lang.reflect.Method.invoke(Method.java:566)
at org.openqa.selenium.support.pagefactory.internal.LocatingElementListHandler.invoke(LocatingElementListHandler.java:39)
at com.sun.proxy.$Proxy13.get(Unknown Source)
at selectionMenu.RadioButton.selection(RadioButton.java:25)
at selectionMenuTest.RadioButtonTest.selectionRadioButtonTest(RadioButtonTest.java:17)
at java.base/jdk.internal.reflect.NativeMethodAccessorImpl.invoke0(Native Method)
at java.base/jdk.internal.reflect.NativeMethodAccessorImpl.invoke(NativeMethodAccessorImpl.java:62)
at java.base/jdk.internal.reflect.DelegatingMethodAccessorImpl.invoke(DelegatingMethodAccessorImpl.java:43)
at java.base/java.lang.reflect.Method.invoke(Method.java:566)
at org.testng.internal.MethodInvocationHelper.invokeMethod(MethodInvocationHelper.java:124)
at org.testng.internal.Invoker.invokeMethod(Invoker.java:583)
at org.testng.internal.Invoker.invokeTestMethod(Invoker.java:719)
at org.testng.internal.Invoker.invokeTestMethods(Invoker.java:989)
at org.testng.internal.TestMethodWorker.invokeTestMethods(TestMethodWorker.java:125)
at org.testng.internal.TestMethodWorker.run(TestMethodWorker.java:109)
at org.testng.TestRunner.privateRun(TestRunner.java:648)
at org.testng.TestRunner.run(TestRunner.java:505)
at org.testng.SuiteRunner.runTest(SuiteRunner.java:455)
at org.testng.SuiteRunner.runSequentially(SuiteRunner.java:450)
at org.testng.SuiteRunner.privateRun(SuiteRunner.java:415)
at org.testng.SuiteRunner.run(SuiteRunner.java:364)
at org.testng.SuiteRunnerWorker.runSuite(SuiteRunnerWorker.java:52)
at org.testng.SuiteRunnerWorker.run(SuiteRunnerWorker.java:84)
at org.testng.TestNG.runSuitesSequentially(TestNG.java:1208)
at org.testng.TestNG.runSuitesLocally(TestNG.java:1137)
at org.testng.TestNG.runSuites(TestNG.java:1049)
at org.testng.TestNG.run(TestNG.java:1017)
at org.apache.maven.surefire.testng.TestNGExecutor.run(TestNGExecutor.java:283)
at org.apache.maven.surefire.testng.TestNGXmlTestSuite.execute(TestNGXmlTestSuite.java:75)
at org.apache.maven.surefire.testng.TestNGProvider.invoke(TestNGProvider.java:120)
at org.apache.maven.surefire.booter.ForkedBooter.invokeProviderInSameClassLoader(ForkedBooter.java:384)
at org.apache.maven.surefire.booter.ForkedBooter.runSuitesInProcess(ForkedBooter.java:345)
at org.apache.maven.surefire.booter.ForkedBooter.execute(ForkedBooter.java:126)
at org.apache.maven.surefire.booter.ForkedBooter.main(ForkedBooter.java:418)
]]>
            </full-stacktrace>
          </exception> <!-- java.lang.IndexOutOfBoundsException -->
          <reporter-output>
            <line>
              <![CDATA[Browser is launching]]>
            </line>
            <line>
              <![CDATA[RadioButtonTest: selection Radio Button Test]]>
            </line>
            <line>
              <![CDATA[Browser is launching]]>
            </line>
            <line>
              <![CDATA[RadioButton: selection]]>
            </line>
          </reporter-output>
        </test-method> <!-- selectionRadioButtonTest -->
        <test-method is-config="true" signature="afterEachTestMethod(org.testng.ITestResult)[pri:0, instance:selectionMenuTest.RadioButtonTest@459e9125]" started-at="2020-05-23T04:17:53Z" name="afterEachTestMethod" finished-at="2020-05-23T04:17:55Z" duration-ms="2868" status="PASS">
          <params>
            <param index="0">
              <value>
                <![CDATA[[TestResult name=selectionRadioButtonTest status=FAILURE method=RadioButtonTest.selectionRadioButtonTest()[pri:0, instance:selectionMenuTest.RadioButtonTest@459e9125] output=Browser is launching]]]>
              </value>
            </param>
          </params>
          <reporter-output>
          </reporter-output>
        </test-method> <!-- afterEachTestMethod -->
      </class> <!-- selectionMenuTest.RadioButtonTest -->
    </test> <!-- LetsKodeIt -->
  </suite> <!-- Walmart Automation Script  -->
</testng-results>
